

*******************************************************************************
Thu May 16 09:33:05 2024


FIT:    data read from 'data.dat' using 1:2
        format = x:z
        #datapoints = 16
        residuals are weighted equally (unit weight)

function used for fitting: f(x)
	f(x) = a*x**(-b)
fitted parameters initialized with current variable values

iter      chisq       delta/lim  lambda   a             b            
   0 5.0709779953e-02   0.00e+00  2.39e+00    4.388000e-06   3.499000e+00
  25 4.6679620796e-02  -2.06e-04  2.39e-02    2.942346e-06   3.634827e+00

After 25 iterations the fit converged.
final sum of squares of residuals : 0.0466796
rel. change during last iteration : -2.05777e-09

degrees of freedom    (FIT_NDF)                        : 14
rms of residuals      (FIT_STDFIT) = sqrt(WSSR/ndf)    : 0.057743
variance of residuals (reduced chisquare) = WSSR/ndf   : 0.00333426

Final set of parameters            Asymptotic Standard Error
=======================            ==========================
a               = 2.94235e-06      +/- 3.17e-06     (107.7%)
b               = 3.63483          +/- 0.3235       (8.899%)

correlation matrix of the fit parameters:
                a      b      
a               1.000 
b              -0.999  1.000 


*******************************************************************************
Thu May 16 09:34:19 2024


FIT:    data read from 'data.dat' using 1:2
        format = x:z
        #datapoints = 16
        residuals are weighted equally (unit weight)

function used for fitting: f(x)
	f(x) = a*x**(-b)
fitted parameters initialized with current variable values

iter      chisq       delta/lim  lambda   a             b            
   0 5.0709779953e-02   0.00e+00  2.39e+00    4.388000e-06   3.499000e+00
  25 4.6679620796e-02  -2.06e-04  2.39e-02    2.942346e-06   3.634827e+00

After 25 iterations the fit converged.
final sum of squares of residuals : 0.0466796
rel. change during last iteration : -2.05777e-09

degrees of freedom    (FIT_NDF)                        : 14
rms of residuals      (FIT_STDFIT) = sqrt(WSSR/ndf)    : 0.057743
variance of residuals (reduced chisquare) = WSSR/ndf   : 0.00333426

Final set of parameters            Asymptotic Standard Error
=======================            ==========================
a               = 2.94235e-06      +/- 3.17e-06     (107.7%)
b               = 3.63483          +/- 0.3235       (8.899%)

correlation matrix of the fit parameters:
                a      b      
a               1.000 
b              -0.999  1.000 


*******************************************************************************
Thu May 16 10:03:16 2024


FIT:    data read from 'data.dat' using 1:2
        format = x:z
        #datapoints = 16
        residuals are weighted equally (unit weight)

function used for fitting: f(x)
	f(x) = a*x**(-b)
fitted parameters initialized with current variable values

iter      chisq       delta/lim  lambda   a             b            
   0 5.0709779953e-02   0.00e+00  2.39e+00    4.388000e-06   3.499000e+00
  25 4.6679620796e-02  -2.06e-04  2.39e-02    2.942346e-06   3.634827e+00

After 25 iterations the fit converged.
final sum of squares of residuals : 0.0466796
rel. change during last iteration : -2.05777e-09

degrees of freedom    (FIT_NDF)                        : 14
rms of residuals      (FIT_STDFIT) = sqrt(WSSR/ndf)    : 0.057743
variance of residuals (reduced chisquare) = WSSR/ndf   : 0.00333426

Final set of parameters            Asymptotic Standard Error
=======================            ==========================
a               = 2.94235e-06      +/- 3.17e-06     (107.7%)
b               = 3.63483          +/- 0.3235       (8.899%)

correlation matrix of the fit parameters:
                a      b      
a               1.000 
b              -0.999  1.000 


*******************************************************************************
Thu May 16 10:03:57 2024


FIT:    data read from 'data.dat' using 1:2
        format = x:z
        #datapoints = 16
        residuals are weighted equally (unit weight)

function used for fitting: f(x)
	f(x) = a*x**(-b)
fitted parameters initialized with current variable values

iter      chisq       delta/lim  lambda   a             b            
   0 5.0709779953e-02   0.00e+00  2.39e+00    4.388000e-06   3.499000e+00
  25 4.6679620796e-02  -2.06e-04  2.39e-02    2.942346e-06   3.634827e+00

After 25 iterations the fit converged.
final sum of squares of residuals : 0.0466796
rel. change during last iteration : -2.05777e-09

degrees of freedom    (FIT_NDF)                        : 14
rms of residuals      (FIT_STDFIT) = sqrt(WSSR/ndf)    : 0.057743
variance of residuals (reduced chisquare) = WSSR/ndf   : 0.00333426

Final set of parameters            Asymptotic Standard Error
=======================            ==========================
a               = 2.94235e-06      +/- 3.17e-06     (107.7%)
b               = 3.63483          +/- 0.3235       (8.899%)

correlation matrix of the fit parameters:
                a      b      
a               1.000 
b              -0.999  1.000 


*******************************************************************************
Thu May 16 10:05:26 2024


FIT:    data read from 'data.dat' using 1:2
        format = x:z
        #datapoints = 16
        residuals are weighted equally (unit weight)

function used for fitting: f(x)
	f(x) = a*x**(-b)
fitted parameters initialized with current variable values

iter      chisq       delta/lim  lambda   a             b            
   0 5.0709779953e-02   0.00e+00  2.39e+00    4.388000e-06   3.499000e+00
  25 4.6679620796e-02  -2.06e-04  2.39e-02    2.942346e-06   3.634827e+00

After 25 iterations the fit converged.
final sum of squares of residuals : 0.0466796
rel. change during last iteration : -2.05777e-09

degrees of freedom    (FIT_NDF)                        : 14
rms of residuals      (FIT_STDFIT) = sqrt(WSSR/ndf)    : 0.057743
variance of residuals (reduced chisquare) = WSSR/ndf   : 0.00333426

Final set of parameters            Asymptotic Standard Error
=======================            ==========================
a               = 2.94235e-06      +/- 3.17e-06     (107.7%)
b               = 3.63483          +/- 0.3235       (8.899%)

correlation matrix of the fit parameters:
                a      b      
a               1.000 
b              -0.999  1.000 


*******************************************************************************
Thu May 16 10:08:23 2024


FIT:    data read from 'data.dat' using 1:2
        format = x:z
        #datapoints = 16
        residuals are weighted equally (unit weight)

function used for fitting: f(x)
	f(x) = a*x**(-b)
fitted parameters initialized with current variable values

iter      chisq       delta/lim  lambda   a             b            
   0 5.0709779953e-02   0.00e+00  2.39e+00    4.388000e-06   3.499000e+00
  25 4.6679620796e-02  -2.06e-04  2.39e-02    2.942346e-06   3.634827e+00

After 25 iterations the fit converged.
final sum of squares of residuals : 0.0466796
rel. change during last iteration : -2.05777e-09

degrees of freedom    (FIT_NDF)                        : 14
rms of residuals      (FIT_STDFIT) = sqrt(WSSR/ndf)    : 0.057743
variance of residuals (reduced chisquare) = WSSR/ndf   : 0.00333426

Final set of parameters            Asymptotic Standard Error
=======================            ==========================
a               = 2.94235e-06      +/- 3.17e-06     (107.7%)
b               = 3.63483          +/- 0.3235       (8.899%)

correlation matrix of the fit parameters:
                a      b      
a               1.000 
b              -0.999  1.000 


*******************************************************************************
Thu May 16 10:09:07 2024


FIT:    data read from 'data.dat' using 1:2
        format = x:z
        #datapoints = 16
        residuals are weighted equally (unit weight)

function used for fitting: f(x)
	f(x) = a*x**(-b)
fitted parameters initialized with current variable values

iter      chisq       delta/lim  lambda   a             b            
   0 5.0709779953e-02   0.00e+00  2.39e+00    4.388000e-06   3.499000e+00
  25 4.6679620796e-02  -2.06e-04  2.39e-02    2.942346e-06   3.634827e+00

After 25 iterations the fit converged.
final sum of squares of residuals : 0.0466796
rel. change during last iteration : -2.05777e-09

degrees of freedom    (FIT_NDF)                        : 14
rms of residuals      (FIT_STDFIT) = sqrt(WSSR/ndf)    : 0.057743
variance of residuals (reduced chisquare) = WSSR/ndf   : 0.00333426

Final set of parameters            Asymptotic Standard Error
=======================            ==========================
a               = 2.94235e-06      +/- 3.17e-06     (107.7%)
b               = 3.63483          +/- 0.3235       (8.899%)

correlation matrix of the fit parameters:
                a      b      
a               1.000 
b              -0.999  1.000 


*******************************************************************************
Thu May 16 10:13:40 2024


FIT:    data read from 'data.dat' using 1:2
        format = x:z
        #datapoints = 16
        residuals are weighted equally (unit weight)

function used for fitting: f(x)
	f(x) = a*x**(-b)
fitted parameters initialized with current variable values

iter      chisq       delta/lim  lambda   a             b            
   0 5.0709779953e-02   0.00e+00  2.39e+00    4.388000e-06   3.499000e+00
  25 4.6679620796e-02  -2.06e-04  2.39e-02    2.942346e-06   3.634827e+00

After 25 iterations the fit converged.
final sum of squares of residuals : 0.0466796
rel. change during last iteration : -2.05777e-09

degrees of freedom    (FIT_NDF)                        : 14
rms of residuals      (FIT_STDFIT) = sqrt(WSSR/ndf)    : 0.057743
variance of residuals (reduced chisquare) = WSSR/ndf   : 0.00333426

Final set of parameters            Asymptotic Standard Error
=======================            ==========================
a               = 2.94235e-06      +/- 3.17e-06     (107.7%)
b               = 3.63483          +/- 0.3235       (8.899%)

correlation matrix of the fit parameters:
                a      b      
a               1.000 
b              -0.999  1.000 
